[2023-12-20T19:08:11.629+0000] {manager.py:487} INFO - Processing files using up to 2 processes at a time 
[2023-12-20T19:08:11.630+0000] {manager.py:488} INFO - Process each file at most once every 30 seconds
[2023-12-20T19:08:11.630+0000] {manager.py:489} INFO - Checking for new files in /opt/airflow/dags every 300 seconds
[2023-12-20T19:08:11.631+0000] {manager.py:755} INFO - Searching for files in /opt/airflow/dags
[2023-12-20T19:08:11.643+0000] {manager.py:758} INFO - There are 1 files in /opt/airflow/dags
[2023-12-20T19:08:11.775+0000] {manager.py:887} INFO - 
================================================================================
DAG File Processing Stats

File Path                        PID  Runtime      # DAGs    # Errors  Last Runtime    Last Run
-----------------------------  -----  ---------  --------  ----------  --------------  ----------
/opt/airflow/dags/finacial.py    178  0.05s             0           0
================================================================================
[2023-12-20T19:08:42.064+0000] {manager.py:887} INFO - 
================================================================================
DAG File Processing Stats

File Path                        PID  Runtime      # DAGs    # Errors  Last Runtime    Last Run
-----------------------------  -----  ---------  --------  ----------  --------------  -------------------
/opt/airflow/dags/finacial.py    184  0.01s             0           1  0.09s           2023-12-20T19:08:11
================================================================================
[2023-12-20T19:09:12.356+0000] {manager.py:887} INFO - 
================================================================================
DAG File Processing Stats

File Path                        PID  Runtime      # DAGs    # Errors  Last Runtime    Last Run
-----------------------------  -----  ---------  --------  ----------  --------------  -------------------
/opt/airflow/dags/finacial.py    189  0.01s             0           1  0.10s           2023-12-20T19:08:42
================================================================================
[2023-12-20T19:09:42.703+0000] {manager.py:887} INFO - 
================================================================================
DAG File Processing Stats

File Path                        PID  Runtime      # DAGs    # Errors  Last Runtime    Last Run
-----------------------------  -----  ---------  --------  ----------  --------------  -------------------
/opt/airflow/dags/finacial.py    194  0.02s             0           1  0.13s           2023-12-20T19:09:12
================================================================================
[2023-12-20T19:10:06.755+0000] {manager.py:469} INFO - Exiting gracefully upon receiving signal 15
[2023-12-20T19:10:55.062+0000] {manager.py:487} INFO - Processing files using up to 2 processes at a time 
[2023-12-20T19:10:55.065+0000] {manager.py:488} INFO - Process each file at most once every 30 seconds
[2023-12-20T19:10:55.065+0000] {manager.py:489} INFO - Checking for new files in /opt/airflow/dags every 300 seconds
[2023-12-20T19:10:55.068+0000] {manager.py:755} INFO - Searching for files in /opt/airflow/dags
[2023-12-20T19:10:55.098+0000] {manager.py:758} INFO - There are 1 files in /opt/airflow/dags
[2023-12-20T19:10:55.261+0000] {manager.py:887} INFO - 
================================================================================
DAG File Processing Stats

File Path                        PID  Runtime      # DAGs    # Errors  Last Runtime    Last Run
-----------------------------  -----  ---------  --------  ----------  --------------  ----------
/opt/airflow/dags/finacial.py    178  0.06s             0           0
================================================================================
[2023-12-20T19:11:25.554+0000] {manager.py:887} INFO - 
================================================================================
DAG File Processing Stats

File Path                        PID  Runtime      # DAGs    # Errors  Last Runtime    Last Run
-----------------------------  -----  ---------  --------  ----------  --------------  -------------------
/opt/airflow/dags/finacial.py    184  0.04s             0           1  0.09s           2023-12-20T19:10:55
================================================================================
[2023-12-20T19:11:55.908+0000] {manager.py:887} INFO - 
================================================================================
DAG File Processing Stats

File Path                        PID  Runtime      # DAGs    # Errors  Last Runtime    Last Run
-----------------------------  -----  ---------  --------  ----------  --------------  -------------------
/opt/airflow/dags/finacial.py    189  0.02s             0           1  0.13s           2023-12-20T19:11:25
================================================================================
[2023-12-20T19:12:26.271+0000] {manager.py:887} INFO - 
================================================================================
DAG File Processing Stats

File Path                        PID  Runtime      # DAGs    # Errors  Last Runtime    Last Run
-----------------------------  -----  ---------  --------  ----------  --------------  -------------------
/opt/airflow/dags/finacial.py    194  0.02s             0           1  0.10s           2023-12-20T19:11:55
================================================================================
[2023-12-20T19:12:56.653+0000] {manager.py:887} INFO - 
================================================================================
DAG File Processing Stats

File Path                        PID  Runtime      # DAGs    # Errors  Last Runtime    Last Run
-----------------------------  -----  ---------  --------  ----------  --------------  -------------------
/opt/airflow/dags/finacial.py    199  0.03s             0           1  0.08s           2023-12-20T19:12:26
================================================================================
[2023-12-20T19:13:27.046+0000] {manager.py:887} INFO - 
================================================================================
DAG File Processing Stats

File Path                        PID  Runtime      # DAGs    # Errors  Last Runtime    Last Run
-----------------------------  -----  ---------  --------  ----------  --------------  -------------------
/opt/airflow/dags/finacial.py    204  0.02s             0           1  0.09s           2023-12-20T19:12:56
================================================================================
[2023-12-20T19:13:38.626+0000] {manager.py:469} INFO - Exiting gracefully upon receiving signal 15
[2023-12-20T19:15:34.946+0000] {manager.py:487} INFO - Processing files using up to 2 processes at a time 
[2023-12-20T19:15:34.947+0000] {manager.py:488} INFO - Process each file at most once every 30 seconds
[2023-12-20T19:15:34.947+0000] {manager.py:489} INFO - Checking for new files in /opt/airflow/dags every 300 seconds
[2023-12-20T19:15:34.947+0000] {manager.py:755} INFO - Searching for files in /opt/airflow/dags
[2023-12-20T19:15:34.957+0000] {manager.py:758} INFO - There are 1 files in /opt/airflow/dags
[2023-12-20T19:15:35.070+0000] {manager.py:887} INFO - 
================================================================================
DAG File Processing Stats

File Path                        PID  Runtime      # DAGs    # Errors  Last Runtime    Last Run
-----------------------------  -----  ---------  --------  ----------  --------------  ----------
/opt/airflow/dags/finacial.py    177  0.05s             0           0
================================================================================
[2023-12-20T19:16:05.432+0000] {manager.py:887} INFO - 
================================================================================
DAG File Processing Stats

File Path                        PID  Runtime      # DAGs    # Errors  Last Runtime    Last Run
-----------------------------  -----  ---------  --------  ----------  --------------  -------------------
/opt/airflow/dags/finacial.py    183  0.06s             0           1  0.11s           2023-12-20T19:15:35
================================================================================
[2023-12-20T19:16:35.751+0000] {manager.py:887} INFO - 
================================================================================
DAG File Processing Stats

File Path                        PID  Runtime      # DAGs    # Errors  Last Runtime    Last Run
-----------------------------  -----  ---------  --------  ----------  --------------  -------------------
/opt/airflow/dags/finacial.py    188  0.04s             0           1  0.17s           2023-12-20T19:16:05
================================================================================
[2023-12-20T19:17:06.157+0000] {manager.py:887} INFO - 
================================================================================
DAG File Processing Stats

File Path                        PID  Runtime      # DAGs    # Errors  Last Runtime    Last Run
-----------------------------  -----  ---------  --------  ----------  --------------  -------------------
/opt/airflow/dags/finacial.py    193  0.03s             0           1  0.12s           2023-12-20T19:16:35
================================================================================
[2023-12-20T19:17:36.529+0000] {manager.py:887} INFO - 
================================================================================
DAG File Processing Stats

File Path                        PID  Runtime      # DAGs    # Errors  Last Runtime    Last Run
-----------------------------  -----  ---------  --------  ----------  --------------  -------------------
/opt/airflow/dags/finacial.py    198  0.07s             0           1  0.09s           2023-12-20T19:17:06
================================================================================
[2023-12-20T19:18:06.969+0000] {manager.py:887} INFO - 
================================================================================
DAG File Processing Stats

File Path                        PID  Runtime      # DAGs    # Errors  Last Runtime    Last Run
-----------------------------  -----  ---------  --------  ----------  --------------  -------------------
/opt/airflow/dags/finacial.py    203  0.10s             0           1  0.14s           2023-12-20T19:17:36
================================================================================
[2023-12-20T19:18:37.346+0000] {manager.py:887} INFO - 
================================================================================
DAG File Processing Stats

File Path                        PID  Runtime      # DAGs    # Errors  Last Runtime    Last Run
-----------------------------  -----  ---------  --------  ----------  --------------  -------------------
/opt/airflow/dags/finacial.py    208  0.03s             0           1  0.19s           2023-12-20T19:18:07
================================================================================
[2023-12-20T19:19:07.754+0000] {manager.py:887} INFO - 
================================================================================
DAG File Processing Stats

File Path                        PID  Runtime      # DAGs    # Errors  Last Runtime    Last Run
-----------------------------  -----  ---------  --------  ----------  --------------  -------------------
/opt/airflow/dags/finacial.py    213  0.07s             0           1  0.11s           2023-12-20T19:18:37
================================================================================
[2023-12-20T19:19:38.143+0000] {manager.py:887} INFO - 
================================================================================
DAG File Processing Stats

File Path                        PID  Runtime      # DAGs    # Errors  Last Runtime    Last Run
-----------------------------  -----  ---------  --------  ----------  --------------  -------------------
/opt/airflow/dags/finacial.py    218  0.07s             0           1  0.16s           2023-12-20T19:19:07
================================================================================
[2023-12-20T19:20:08.588+0000] {manager.py:887} INFO - 
================================================================================
DAG File Processing Stats

File Path                        PID  Runtime      # DAGs    # Errors  Last Runtime    Last Run
-----------------------------  -----  ---------  --------  ----------  --------------  -------------------
/opt/airflow/dags/finacial.py    223  0.10s             0           1  0.15s           2023-12-20T19:19:38
================================================================================
[2023-12-20T19:20:35.831+0000] {manager.py:755} INFO - Searching for files in /opt/airflow/dags
[2023-12-20T19:20:35.861+0000] {manager.py:758} INFO - There are 1 files in /opt/airflow/dags
[2023-12-20T19:20:38.972+0000] {manager.py:887} INFO - 
================================================================================
DAG File Processing Stats

File Path                        PID  Runtime      # DAGs    # Errors  Last Runtime    Last Run
-----------------------------  -----  ---------  --------  ----------  --------------  -------------------
/opt/airflow/dags/finacial.py    228  0.05s             0           1  0.17s           2023-12-20T19:20:08
================================================================================
[2023-12-20T19:21:09.323+0000] {manager.py:887} INFO - 
================================================================================
DAG File Processing Stats

File Path                        PID  Runtime      # DAGs    # Errors  Last Runtime    Last Run
-----------------------------  -----  ---------  --------  ----------  --------------  -------------------
/opt/airflow/dags/finacial.py    233  0.06s             0           1  0.18s           2023-12-20T19:20:39
================================================================================
[2023-12-20T19:21:39.701+0000] {manager.py:887} INFO - 
================================================================================
DAG File Processing Stats

File Path                        PID  Runtime      # DAGs    # Errors  Last Runtime    Last Run
-----------------------------  -----  ---------  --------  ----------  --------------  -------------------
/opt/airflow/dags/finacial.py    238  0.07s             0           1  0.16s           2023-12-20T19:21:09
================================================================================
[2023-12-20T19:22:10.073+0000] {manager.py:887} INFO - 
================================================================================
DAG File Processing Stats

File Path                        PID  Runtime      # DAGs    # Errors  Last Runtime    Last Run
-----------------------------  -----  ---------  --------  ----------  --------------  -------------------
/opt/airflow/dags/finacial.py    243  0.07s             0           1  0.14s           2023-12-20T19:21:39
================================================================================
[2023-12-20T19:22:40.486+0000] {manager.py:887} INFO - 
================================================================================
DAG File Processing Stats

File Path                        PID  Runtime      # DAGs    # Errors  Last Runtime    Last Run
-----------------------------  -----  ---------  --------  ----------  --------------  -------------------
/opt/airflow/dags/finacial.py    248  0.05s             0           1  0.14s           2023-12-20T19:22:10
================================================================================
[2023-12-20T19:23:10.844+0000] {manager.py:887} INFO - 
================================================================================
DAG File Processing Stats

File Path                        PID  Runtime      # DAGs    # Errors  Last Runtime    Last Run
-----------------------------  -----  ---------  --------  ----------  --------------  -------------------
/opt/airflow/dags/finacial.py    253  0.01s             0           1  0.14s           2023-12-20T19:22:40
================================================================================
[2023-12-20T19:23:41.211+0000] {manager.py:887} INFO - 
================================================================================
DAG File Processing Stats

File Path                        PID  Runtime      # DAGs    # Errors  Last Runtime    Last Run
-----------------------------  -----  ---------  --------  ----------  --------------  -------------------
/opt/airflow/dags/finacial.py    258  0.02s             0           1  0.07s           2023-12-20T19:23:10
================================================================================
[2023-12-20T19:24:11.561+0000] {manager.py:887} INFO - 
================================================================================
DAG File Processing Stats

File Path                        PID  Runtime      # DAGs    # Errors  Last Runtime    Last Run
-----------------------------  -----  ---------  --------  ----------  --------------  -------------------
/opt/airflow/dags/finacial.py    263  0.02s             0           1  0.10s           2023-12-20T19:23:41
================================================================================
[2023-12-20T19:24:41.954+0000] {manager.py:887} INFO - 
================================================================================
DAG File Processing Stats

File Path                        PID  Runtime      # DAGs    # Errors  Last Runtime    Last Run
-----------------------------  -----  ---------  --------  ----------  --------------  -------------------
/opt/airflow/dags/finacial.py    268  0.05s             0           1  0.09s           2023-12-20T19:24:11
================================================================================
[2023-12-20T19:25:12.409+0000] {manager.py:887} INFO - 
================================================================================
DAG File Processing Stats

File Path                        PID  Runtime      # DAGs    # Errors  Last Runtime    Last Run
-----------------------------  -----  ---------  --------  ----------  --------------  -------------------
/opt/airflow/dags/finacial.py    273  0.04s             0           1  0.16s           2023-12-20T19:24:42
================================================================================
[2023-12-20T19:25:36.673+0000] {manager.py:755} INFO - Searching for files in /opt/airflow/dags
[2023-12-20T19:25:36.700+0000] {manager.py:758} INFO - There are 1 files in /opt/airflow/dags
[2023-12-20T19:25:42.796+0000] {manager.py:887} INFO - 
================================================================================
DAG File Processing Stats

File Path                        PID  Runtime      # DAGs    # Errors  Last Runtime    Last Run
-----------------------------  -----  ---------  --------  ----------  --------------  -------------------
/opt/airflow/dags/finacial.py    278  0.02s             0           1  0.14s           2023-12-20T19:25:12
================================================================================
[2023-12-20T19:26:13.205+0000] {manager.py:887} INFO - 
================================================================================
DAG File Processing Stats

File Path                        PID  Runtime      # DAGs    # Errors  Last Runtime    Last Run
-----------------------------  -----  ---------  --------  ----------  --------------  -------------------
/opt/airflow/dags/finacial.py    283  0.07s             0           1  0.10s           2023-12-20T19:25:42
================================================================================
[2023-12-20T19:26:43.647+0000] {manager.py:887} INFO - 
================================================================================
DAG File Processing Stats

File Path                        PID  Runtime      # DAGs    # Errors  Last Runtime    Last Run
-----------------------------  -----  ---------  --------  ----------  --------------  -------------------
/opt/airflow/dags/finacial.py    288  0.06s             0           1  0.16s           2023-12-20T19:26:13
================================================================================
[2023-12-20T19:27:14.053+0000] {manager.py:887} INFO - 
================================================================================
DAG File Processing Stats

File Path                        PID  Runtime      # DAGs    # Errors  Last Runtime    Last Run
-----------------------------  -----  ---------  --------  ----------  --------------  -------------------
/opt/airflow/dags/finacial.py    293  0.05s             0           1  0.18s           2023-12-20T19:26:43
================================================================================
[2023-12-20T19:27:36.007+0000] {manager.py:469} INFO - Exiting gracefully upon receiving signal 15
[2023-12-20T19:28:12.898+0000] {manager.py:487} INFO - Processing files using up to 2 processes at a time 
[2023-12-20T19:28:12.901+0000] {manager.py:488} INFO - Process each file at most once every 30 seconds
[2023-12-20T19:28:12.902+0000] {manager.py:489} INFO - Checking for new files in /opt/airflow/dags every 300 seconds
[2023-12-20T19:28:12.903+0000] {manager.py:755} INFO - Searching for files in /opt/airflow/dags
[2023-12-20T19:28:12.920+0000] {manager.py:758} INFO - There are 1 files in /opt/airflow/dags
[2023-12-20T19:28:12.983+0000] {manager.py:887} INFO - 
================================================================================
DAG File Processing Stats

File Path                        PID  Runtime      # DAGs    # Errors  Last Runtime    Last Run
-----------------------------  -----  ---------  --------  ----------  --------------  ----------
/opt/airflow/dags/finacial.py    179  0.03s             0           0
================================================================================
[2023-12-20T19:28:43.269+0000] {manager.py:887} INFO - 
================================================================================
DAG File Processing Stats

File Path                        PID  Runtime      # DAGs    # Errors  Last Runtime    Last Run
-----------------------------  -----  ---------  --------  ----------  --------------  -------------------
/opt/airflow/dags/finacial.py    184  0.05s             0           1  0.05s           2023-12-20T19:28:13
================================================================================
[2023-12-20T19:29:13.632+0000] {manager.py:887} INFO - 
================================================================================
DAG File Processing Stats

File Path                        PID  Runtime      # DAGs    # Errors  Last Runtime    Last Run
-----------------------------  -----  ---------  --------  ----------  --------------  -------------------
/opt/airflow/dags/finacial.py    189  0.02s             0           1  0.14s           2023-12-20T19:28:43
================================================================================
[2023-12-20T19:29:44.054+0000] {manager.py:887} INFO - 
================================================================================
DAG File Processing Stats

File Path                        PID  Runtime      # DAGs    # Errors  Last Runtime    Last Run
-----------------------------  -----  ---------  --------  ----------  --------------  -------------------
/opt/airflow/dags/finacial.py    194  0.08s             0           1  0.10s           2023-12-20T19:29:13
================================================================================
[2023-12-20T19:30:14.482+0000] {manager.py:887} INFO - 
================================================================================
DAG File Processing Stats

File Path                        PID  Runtime      # DAGs    # Errors  Last Runtime    Last Run
-----------------------------  -----  ---------  --------  ----------  --------------  -------------------
/opt/airflow/dags/finacial.py    199  0.06s             0           1  0.18s           2023-12-20T19:29:44
================================================================================
[2023-12-20T19:30:44.879+0000] {manager.py:887} INFO - 
================================================================================
DAG File Processing Stats

File Path                        PID  Runtime      # DAGs    # Errors  Last Runtime    Last Run
-----------------------------  -----  ---------  --------  ----------  --------------  -------------------
/opt/airflow/dags/finacial.py    204  0.06s             0           1  0.16s           2023-12-20T19:30:14
================================================================================
[2023-12-20T19:31:15.166+0000] {manager.py:887} INFO - 
================================================================================
DAG File Processing Stats

File Path                      PID    Runtime      # DAGs    # Errors  Last Runtime    Last Run
-----------------------------  -----  ---------  --------  ----------  --------------  -------------------
/opt/airflow/dags/finacial.py                           1           0  2.13s           2023-12-20T19:30:46
================================================================================
[2023-12-20T19:31:45.589+0000] {manager.py:887} INFO - 
================================================================================
DAG File Processing Stats

File Path                      PID    Runtime      # DAGs    # Errors  Last Runtime    Last Run
-----------------------------  -----  ---------  --------  ----------  --------------  -------------------
/opt/airflow/dags/finacial.py                           0           1  0.16s           2023-12-20T19:31:17
================================================================================
[2023-12-20T19:32:16.021+0000] {manager.py:887} INFO - 
================================================================================
DAG File Processing Stats

File Path                      PID    Runtime      # DAGs    # Errors  Last Runtime    Last Run
-----------------------------  -----  ---------  --------  ----------  --------------  -------------------
/opt/airflow/dags/finacial.py                           0           1  0.14s           2023-12-20T19:31:47
================================================================================
[2023-12-20T19:32:46.874+0000] {manager.py:887} INFO - 
================================================================================
DAG File Processing Stats

File Path                      PID    Runtime      # DAGs    # Errors  Last Runtime    Last Run
-----------------------------  -----  ---------  --------  ----------  --------------  -------------------
/opt/airflow/dags/finacial.py                           1           0  0.77s           2023-12-20T19:32:18
================================================================================
[2023-12-20T19:33:06.409+0000] {manager.py:469} INFO - Exiting gracefully upon receiving signal 15
